0 info it worked if it ends with ok
1 verbose cli [ '/Users/moin/.nvm/versions/node/v7.4.0/bin/node',
1 verbose cli   '/Users/moin/.nvm/versions/node/v7.4.0/bin/npm',
1 verbose cli   'run',
1 verbose cli   'dev:mock' ]
2 info using npm@4.0.5
3 info using node@v7.4.0
4 verbose run-script [ 'predev:mock', 'dev:mock', 'postdev:mock' ]
5 info lifecycle Petfinder@1.0.0~predev:mock: Petfinder@1.0.0
6 silly lifecycle Petfinder@1.0.0~predev:mock: no script for predev:mock, continuing
7 info lifecycle Petfinder@1.0.0~dev:mock: Petfinder@1.0.0
8 verbose lifecycle Petfinder@1.0.0~dev:mock: unsafe-perm in lifecycle true
9 verbose lifecycle Petfinder@1.0.0~dev:mock: PATH: /Users/moin/.nvm/versions/node/v7.4.0/lib/node_modules/npm/bin/node-gyp-bin:/Users/moin/Petfinder/node_modules/.bin:/Users/moin/.rvm/gems/ruby-2.6.3/bin:/Users/moin/.rvm/gems/ruby-2.6.3@global/bin:/Users/moin/.rvm/rubies/ruby-2.6.3/bin:/Users/moin/Library/Android/sdk/platform-tools:/Users/moin/.nvm/versions/node/v7.4.0/bin:/usr/local/bin:/usr/bin:/bin:/usr/sbin:/sbin:/Users/moin/.rvm/gems/ruby-2.6.3/bin:/Users/moin/.rvm/gems/ruby-2.6.3@global/bin:/Users/moin/.rvm/rubies/ruby-2.6.3/bin:/Users/moin/Library/Android/sdk/platform-tools:/Users/moin/.nvm/versions/node/v7.4.0/bin:/Users/moin/Library/Android/sdk/emulator:/Users/moin/Library/Android/sdk/tools:/Users/moin/Library/Android/sdk/tools/bin:/Users/moin/.rvm/bin:/Users/moin/Library/Android/sdk/emulator:/Users/moin/Library/Android/sdk/tools:/Users/moin/Library/Android/sdk/tools/bin:/Users/moin/Library/Android/sdk/platform-tools:/Users/moin/.rvm/bin
10 verbose lifecycle Petfinder@1.0.0~dev:mock: CWD: /Users/moin/Petfinder
11 silly lifecycle Petfinder@1.0.0~dev:mock: Args: [ '-c', 'cross-env PET_MOCK=mock parcel src/index.html' ]
12 silly lifecycle Petfinder@1.0.0~dev:mock: Returned: code: 1  signal: null
13 info lifecycle Petfinder@1.0.0~dev:mock: Failed to exec dev:mock script
14 verbose stack Error: Petfinder@1.0.0 dev:mock: `cross-env PET_MOCK=mock parcel src/index.html`
14 verbose stack Exit status 1
14 verbose stack     at EventEmitter.<anonymous> (/Users/moin/.nvm/versions/node/v7.4.0/lib/node_modules/npm/lib/utils/lifecycle.js:279:16)
14 verbose stack     at emitTwo (events.js:106:13)
14 verbose stack     at EventEmitter.emit (events.js:191:7)
14 verbose stack     at ChildProcess.<anonymous> (/Users/moin/.nvm/versions/node/v7.4.0/lib/node_modules/npm/lib/utils/spawn.js:40:14)
14 verbose stack     at emitTwo (events.js:106:13)
14 verbose stack     at ChildProcess.emit (events.js:191:7)
14 verbose stack     at maybeClose (internal/child_process.js:885:16)
14 verbose stack     at Process.ChildProcess._handle.onexit (internal/child_process.js:226:5)
15 verbose pkgid Petfinder@1.0.0
16 verbose cwd /Users/moin/Petfinder
17 error Darwin 19.3.0
18 error argv "/Users/moin/.nvm/versions/node/v7.4.0/bin/node" "/Users/moin/.nvm/versions/node/v7.4.0/bin/npm" "run" "dev:mock"
19 error node v7.4.0
20 error npm  v4.0.5
21 error code ELIFECYCLE
22 error Petfinder@1.0.0 dev:mock: `cross-env PET_MOCK=mock parcel src/index.html`
22 error Exit status 1
23 error Failed at the Petfinder@1.0.0 dev:mock script 'cross-env PET_MOCK=mock parcel src/index.html'.
23 error Make sure you have the latest version of node.js and npm installed.
23 error If you do, this is most likely a problem with the Petfinder package,
23 error not with npm itself.
23 error Tell the author that this fails on your system:
23 error     cross-env PET_MOCK=mock parcel src/index.html
23 error You can get information on how to open an issue for this project with:
23 error     npm bugs Petfinder
23 error Or if that isn't available, you can get their info via:
23 error     npm owner ls Petfinder
23 error There is likely additional logging output above.
24 verbose exit [ 1, true ]
